This is XeTeX, Version 3.14159265-2.6-0.999991 (TeX Live 2019/W32TeX) (preloaded format=xelatex 2019.9.8)  20 SEP 2019 23:15
entering extended mode
 restricted \write18 enabled.
 %&-line parsing enabled.
**experimental.tex
(./experimental.tex
LaTeX2e <2018-12-01>

! LaTeX Error: Missing \begin{document}.

See the LaTeX manual or LaTeX Companion for explanation.
Type  H <return>  for immediate help.
 ...                                              
                                                  
l.1 \noindent
              \textbf{1、仪器与试剂} \par
You're in trouble here.  Try typing  <return>  to proceed.
If that doesn't work, type  X <return>  to quit.

Missing character: There is no 、 in font [lmroman10-bold]:mapping=tex-text;!
Missing character: There is no 仪 in font [lmroman10-bold]:mapping=tex-text;!
Missing character: There is no 器 in font [lmroman10-bold]:mapping=tex-text;!
Missing character: There is no 与 in font [lmroman10-bold]:mapping=tex-text;!
Missing character: There is no 试 in font [lmroman10-bold]:mapping=tex-text;!
Missing character: There is no 剂 in font [lmroman10-bold]:mapping=tex-text;!

Overfull \hbox (22.55pt too wide) in paragraph at lines 1--1
\TU/lmr/bx/n/10 1、仪器与试剂 
 []


! LaTeX Error: Missing \begin{document}.

See the LaTeX manual or LaTeX Companion for explanation.
Type  H <return>  for immediate help.
 ...                                              
                                                  
l.2 仪
     器： \par
You're in trouble here.  Try typing  <return>  to proceed.
If that doesn't work, type  X <return>  to quit.

Missing character: There is no 仪 in font nullfont!
Missing character: There is no 器 in font nullfont!
Missing character: There is no ： in font nullfont!

Overfull \hbox (20.0pt too wide) in paragraph at lines 2--2
[] 
 []


! LaTeX Error: Missing \begin{document}.

See the LaTeX manual or LaTeX Companion for explanation.
Type  H <return>  for immediate help.
 ...                                              
                                                  
l.3 试
     剂： 0.05 \molL \ce{H2SO4}溶液;\ 0.1 \molL  \ce{H2SO4}溶液; 0.05 \molL 甲醇水溶液.
You're in trouble here.  Try typing  <return>  to proceed.
If that doesn't work, type  X <return>  to quit.

Missing character: There is no 试 in font nullfont!
Missing character: There is no 剂 in font nullfont!
Missing character: There is no ： in font nullfont!
Missing character: There is no 0 in font nullfont!
Missing character: There is no . in font nullfont!
Missing character: There is no 0 in font nullfont!
Missing character: There is no 5 in font nullfont!
! Undefined control sequence.
l.3 试剂： 0.05 \molL
                   \ce{H2SO4}溶液;\ 0.1 \molL  \ce{H2SO4}溶液; 0.05 \molL 甲醇水溶液.
The control sequence at the end of the top line
of your error message was never \def'ed. If you have
misspelled it (e.g., `\hobx'), type `I' and the correct
spelling (e.g., `I\hbox'). Otherwise just continue,
and I'll forget about whatever was undefined.

! Undefined control sequence.
l.3 试剂： 0.05 \molL \ce
                      {H2SO4}溶液;\ 0.1 \molL  \ce{H2SO4}溶液; 0.05 \molL 甲醇水溶液.
The control sequence at the end of the top line
of your error message was never \def'ed. If you have
misspelled it (e.g., `\hobx'), type `I' and the correct
spelling (e.g., `I\hbox'). Otherwise just continue,
and I'll forget about whatever was undefined.

Missing character: There is no H in font nullfont!
Missing character: There is no 2 in font nullfont!
Missing character: There is no S in font nullfont!
Missing character: There is no O in font nullfont!
Missing character: There is no 4 in font nullfont!
Missing character: There is no 溶 in font nullfont!
Missing character: There is no 液 in font nullfont!
Missing character: There is no ; in font nullfont!
Missing character: There is no 0 in font nullfont!
Missing character: There is no . in font nullfont!
Missing character: There is no 1 in font nullfont!
! Undefined control sequence.
l.3 试剂： 0.05 \molL \ce{H2SO4}溶液;\ 0.1 \molL
                                             \ce{H2SO4}溶液; 0.05 \molL 甲醇水溶液.
The control sequence at the end of the top line
of your error message was never \def'ed. If you have
misspelled it (e.g., `\hobx'), type `I' and the correct
spelling (e.g., `I\hbox'). Otherwise just continue,
and I'll forget about whatever was undefined.

! Undefined control sequence.
l.3 试剂： 0.05 \molL \ce{H2SO4}溶液;\ 0.1 \molL  \ce
                                                {H2SO4}溶液; 0.05 \molL 甲醇水溶液.
The control sequence at the end of the top line
of your error message was never \def'ed. If you have
misspelled it (e.g., `\hobx'), type `I' and the correct
spelling (e.g., `I\hbox'). Otherwise just continue,
and I'll forget about whatever was undefined.

Missing character: There is no H in font nullfont!
Missing character: There is no 2 in font nullfont!
Missing character: There is no S in font nullfont!
Missing character: There is no O in font nullfont!
Missing character: There is no 4 in font nullfont!
Missing character: There is no 溶 in font nullfont!
Missing character: There is no 液 in font nullfont!
Missing character: There is no ; in font nullfont!
Missing character: There is no 0 in font nullfont!
Missing character: There is no . in font nullfont!
Missing character: There is no 0 in font nullfont!
Missing character: There is no 5 in font nullfont!
! Undefined control sequence.
l.3 ...O4}溶液;\ 0.1 \molL  \ce{H2SO4}溶液; 0.05 \molL
                                                   甲醇水溶液.
The control sequence at the end of the top line
of your error message was never \def'ed. If you have
misspelled it (e.g., `\hobx'), type `I' and the correct
spelling (e.g., `I\hbox'). Otherwise just continue,
and I'll forget about whatever was undefined.

Missing character: There is no 甲 in font nullfont!
Missing character: There is no 醇 in font nullfont!
Missing character: There is no 水 in font nullfont!
Missing character: There is no 溶 in font nullfont!
Missing character: There is no 液 in font nullfont!
Missing character: There is no . in font nullfont!
)
! Emergency stop.
<*> experimental.tex
                    
*** (job aborted, no legal \end found)

 
Here is how much of TeX's memory you used:
 8 strings out of 492909
 148 string characters out of 6136300
 64519 words of memory out of 5000000
 4162 multiletter control sequences out of 15000+600000
 3648 words of font info for 15 fonts, out of 8000000 for 9000
 1348 hyphenation exceptions out of 8191
 13i,1n,8p,91b,71s stack positions out of 5000i,500n,10000p,200000b,80000s
No pages of output.
